<?xml version="1.0" encoding="UTF-8"?>
<!-- Generated by org.testng.reporters.JUnitReportReporter -->
<testsuite hostname="RDV-009838" failures="0" tests="1" name="com.test.UserPromptFilter" time="65.033" errors="0" timestamp="2025-07-04T02:00:49 EDT" skipped="0">
  <testcase classname="com.test.UserPromptFilter" name="justOpen" time="65.033"/>
</testsuite> <!-- com.test.UserPromptFilter -->
