<?xml version="1.0" encoding="UTF-8"?>
<!-- Generated by org.testng.reporters.JUnitReportReporter -->
<testsuite hostname="RDV-009838" failures="0" tests="1" name="com.test.UnityClientTest" time="117.443" errors="0" timestamp="2025-07-03T06:02:04 EDT" skipped="0">
  <testcase classname="com.test.UnityClientTest" name="justOpen" time="117.443"/>
</testsuite> <!-- com.test.UnityClientTest -->
