<?xml version="1.0" encoding="UTF-8"?>
<!-- Generated by org.testng.reporters.JUnitReportReporter -->
<testsuite hostname="RDV-009838" failures="0" tests="1" name="com.test.UnityClientTest" time="107.329" errors="0" timestamp="2025-07-09T06:27:08 EDT" skipped="0">
  <testcase classname="com.test.UnityClientTest" name="justOpen" time="107.329"/>
</testsuite> <!-- com.test.UnityClientTest -->
