<?xml version="1.0" encoding="UTF-8"?>
<!-- Generated by org.testng.reporters.JUnitReportReporter -->
<testsuite hostname="RDV-009838" failures="0" tests="1" name="com.test.CreateNewView" time="93.075" errors="0" timestamp="2025-07-02T00:18:35 EDT" skipped="0">
  <testcase classname="com.test.CreateNewView" name="justOpen" time="93.075"/>
</testsuite> <!-- com.test.CreateNewView -->
