<?xml version="1.0" encoding="UTF-8"?>
<!-- Generated by org.testng.reporters.JUnitReportReporter -->
<testsuite hostname="RDV-009838" failures="0" tests="1" name="com.test.UserPromptFilter" time="58.754" errors="0" timestamp="2025-07-03T06:50:01 EDT" skipped="0">
  <testcase classname="com.test.UserPromptFilter" name="justOpen" time="58.754"/>
</testsuite> <!-- com.test.UserPromptFilter -->
