<?xml version="1.0" encoding="UTF-8"?>
<!-- Generated by org.testng.reporters.JUnitReportReporter -->
<testsuite hostname="RDV-009838" failures="0" tests="1" name="com.test.CreateNewView" time="93.377" errors="0" timestamp="2025-07-04T02:11:47 EDT" skipped="0">
  <testcase classname="com.test.CreateNewView" name="justOpen" time="93.377"/>
</testsuite> <!-- com.test.CreateNewView -->
