<?xml version="1.0" encoding="UTF-8"?>
<!-- Generated by org.testng.reporters.JUnitReportReporter -->
<testsuite hostname="RDV-009838" failures="0" tests="1" name="com.test.UnityClientTest" time="91.870" errors="0" timestamp="2025-06-30T03:14:44 EDT" skipped="0">
  <testcase classname="com.test.UnityClientTest" name="justOpen" time="91.870"/>
</testsuite> <!-- com.test.UnityClientTest -->
