<?xml version="1.0" encoding="UTF-8"?>
<!-- Generated by org.testng.reporters.JUnitReportReporter -->
<testsuite hostname="RDV-009838" failures="0" tests="1" name="com.test.SameIdUnique" time="97.613" errors="0" timestamp="2025-07-03T01:58:22 EDT" skipped="0">
  <testcase classname="com.test.SameIdUnique" name="justOpen" time="97.613"/>
</testsuite> <!-- com.test.SameIdUnique -->
