<?xml version="1.0" encoding="UTF-8"?>
<!-- Generated by org.testng.reporters.JUnitReportReporter -->
<testsuite hostname="RDV-009838" failures="0" tests="1" name="com.test.SameIdUnique" time="84.584" errors="0" timestamp="2025-07-03T05:24:46 EDT" skipped="0">
  <testcase classname="com.test.SameIdUnique" name="justOpen" time="84.584"/>
</testsuite> <!-- com.test.SameIdUnique -->
