<?xml version="1.0" encoding="UTF-8"?>
<!-- Generated by org.testng.reporters.JUnitReportReporter -->
<testsuite hostname="RDV-009838" failures="0" tests="1" name="com.test.UnityClientTest" time="105.265" errors="0" timestamp="2025-07-02T00:15:29 EDT" skipped="0">
  <testcase classname="com.test.UnityClientTest" name="justOpen" time="105.265"/>
</testsuite> <!-- com.test.UnityClientTest -->
